# JRE version: OpenJDK Runtime Environment (8.0_152-b02) (build 1.8.0_152-release-1024-b02)
# Java VM: OpenJDK 64-Bit Server VM (25.152-b02 mixed mode windows-amd64 compressed oops)
Heap:
 PSYoungGen      total 195072K, used 56149K [0x00000000e0000000, 0x00000000ee400000, 0x0000000100000000)
  eden space 173056K, 23% used [0x00000000e0000000,0x00000000e27457d0,0x00000000ea900000)
  from space 22016K, 72% used [0x00000000ea900000,0x00000000eb88fc50,0x00000000ebe80000)
  to   space 23552K, 0% used [0x00000000ecd00000,0x00000000ecd00000,0x00000000ee400000)
 ParOldGen       total 139776K, used 60819K [0x00000000a0000000, 0x00000000a8880000, 0x00000000e0000000)
  object space 139776K, 43% used [0x00000000a0000000,0x00000000a3b64ed8,0x00000000a8880000)
 Metaspace       used 75387K, capacity 78072K, committed 78168K, reserved 1118208K
  class space    used 9707K, capacity 10345K, committed 10368K, reserved 1048576K
GC Heap History (10 events):
Event: 44.036 GC heap before
{Heap before GC invocations=22 (full 3):
 PSYoungGen      total 166400K, used 150528K [0x00000000e0000000, 0x00000000ebc00000, 0x0000000100000000)
  eden space 150528K, 100% used [0x00000000e0000000,0x00000000e9300000,0x00000000e9300000)
  from space 15872K, 0% used [0x00000000ea280000,0x00000000ea280000,0x00000000eb200000)
  to   space 15872K, 0% used [0x00000000e9300000,0x00000000e9300000,0x00000000ea280000)
 ParOldGen       total 139776K, used 32686K [0x00000000a0000000, 0x00000000a8880000, 0x00000000e0000000)
  object space 139776K, 23% used [0x00000000a0000000,0x00000000a1feb8b0,0x00000000a8880000)
 Metaspace       used 58883K, capacity 60756K, committed 61016K, reserved 1101824K
  class space    used 7976K, capacity 8455K, committed 8576K, reserved 1048576K
Event: 44.061 GC heap after
Heap after GC invocations=22 (full 3):
 PSYoungGen      total 166400K, used 14499K [0x00000000e0000000, 0x00000000ec780000, 0x0000000100000000)
  eden space 150528K, 0% used [0x00000000e0000000,0x00000000e0000000,0x00000000e9300000)
  from space 15872K, 91% used [0x00000000e9300000,0x00000000ea128ce8,0x00000000ea280000)
  to   space 17920K, 0% used [0x00000000eb600000,0x00000000eb600000,0x00000000ec780000)
 ParOldGen       total 139776K, used 32694K [0x00000000a0000000, 0x00000000a8880000, 0x00000000e0000000)
  object space 139776K, 23% used [0x00000000a0000000,0x00000000a1fed8b0,0x00000000a8880000)
 Metaspace       used 58883K, capacity 60756K, committed 61016K, reserved 1101824K
  class space    used 7976K, capacity 8455K, committed 8576K, reserved 1048576K
}
Event: 56.124 GC heap before
{Heap before GC invocations=23 (full 3):
 PSYoungGen      total 166400K, used 165027K [0x00000000e0000000, 0x00000000ec780000, 0x0000000100000000)
  eden space 150528K, 100% used [0x00000000e0000000,0x00000000e9300000,0x00000000e9300000)
  from space 15872K, 91% used [0x00000000e9300000,0x00000000ea128ce8,0x00000000ea280000)
  to   space 17920K, 0% used [0x00000000eb600000,0x00000000eb600000,0x00000000ec780000)
 ParOldGen       total 139776K, used 32694K [0x00000000a0000000, 0x00000000a8880000, 0x00000000e0000000)
  object space 139776K, 23% used [0x00000000a0000000,0x00000000a1fed8b0,0x00000000a8880000)
 Metaspace       used 64555K, capacity 66822K, committed 66904K, reserved 1107968K
  class space    used 8525K, capacity 9086K, committed 9088K, reserved 1048576K
Event: 56.157 GC heap after
Heap after GC invocations=23 (full 3):
 PSYoungGen      total 179200K, used 17895K [0x00000000e0000000, 0x00000000ed300000, 0x0000000100000000)
  eden space 161280K, 0% used [0x00000000e0000000,0x00000000e0000000,0x00000000e9d80000)
  from space 17920K, 99% used [0x00000000eb600000,0x00000000ec779e78,0x00000000ec780000)
  to   space 25088K, 0% used [0x00000000e9d80000,0x00000000e9d80000,0x00000000eb600000)
 ParOldGen       total 139776K, used 43965K [0x00000000a0000000, 0x00000000a8880000, 0x00000000e0000000)
  object space 139776K, 31% used [0x00000000a0000000,0x00000000a2aef750,0x00000000a8880000)
 Metaspace       used 64555K, capacity 66822K, committed 66904K, reserved 1107968K
  class space    used 8525K, capacity 9086K, committed 9088K, reserved 1048576K
}
Event: 116.415 GC heap before
{Heap before GC invocations=24 (full 3):
 PSYoungGen      total 179200K, used 179175K [0x00000000e0000000, 0x00000000ed300000, 0x0000000100000000)
  eden space 161280K, 100% used [0x00000000e0000000,0x00000000e9d80000,0x00000000e9d80000)
  from space 17920K, 99% used [0x00000000eb600000,0x00000000ec779e78,0x00000000ec780000)
  to   space 25088K, 0% used [0x00000000e9d80000,0x00000000e9d80000,0x00000000eb600000)
 ParOldGen       total 139776K, used 43965K [0x00000000a0000000, 0x00000000a8880000, 0x00000000e0000000)
  object space 139776K, 31% used [0x00000000a0000000,0x00000000a2aef750,0x00000000a8880000)
 Metaspace       used 69656K, capacity 72282K, committed 72408K, reserved 1112064K
  class space    used 9060K, capacity 9702K, committed 9728K, reserved 1048576K
Event: 116.435 GC heap after
Heap after GC invocations=24 (full 3):
 PSYoungGen      total 186368K, used 9375K [0x00000000e0000000, 0x00000000ed880000, 0x0000000100000000)
  eden space 161280K, 0% used [0x00000000e0000000,0x00000000e0000000,0x00000000e9d80000)
  from space 25088K, 37% used [0x00000000e9d80000,0x00000000ea6a7d78,0x00000000eb600000)
  to   space 23552K, 0% used [0x00000000ec180000,0x00000000ec180000,0x00000000ed880000)
 ParOldGen       total 139776K, used 60811K [0x00000000a0000000, 0x00000000a8880000, 0x00000000e0000000)
  object space 139776K, 43% used [0x00000000a0000000,0x00000000a3b62ed8,0x00000000a8880000)
 Metaspace       used 69656K, capacity 72282K, committed 72408K, reserved 1112064K
  class space    used 9060K, capacity 9702K, committed 9728K, reserved 1048576K
}
Event: 120.144 GC heap before
{Heap before GC invocations=25 (full 3):
 PSYoungGen      total 186368K, used 170655K [0x00000000e0000000, 0x00000000ed880000, 0x0000000100000000)
  eden space 161280K, 100% used [0x00000000e0000000,0x00000000e9d80000,0x00000000e9d80000)
  from space 25088K, 37% used [0x00000000e9d80000,0x00000000ea6a7d78,0x00000000eb600000)
  to   space 23552K, 0% used [0x00000000ec180000,0x00000000ec180000,0x00000000ed880000)
 ParOldGen       total 139776K, used 60811K [0x00000000a0000000, 0x00000000a8880000, 0x00000000e0000000)
  object space 139776K, 43% used [0x00000000a0000000,0x00000000a3b62ed8,0x00000000a8880000)
 Metaspace       used 70172K, capacity 72820K, committed 73048K, reserved 1112064K
  class space    used 9125K, capacity 9765K, committed 9856K, reserved 1048576K
Event: 120.153 GC heap after
Heap after GC invocations=25 (full 3):
 PSYoungGen      total 192000K, used 8597K [0x00000000e0000000, 0x00000000ed400000, 0x0000000100000000)
  eden space 173056K, 0% used [0x00000000e0000000,0x00000000e0000000,0x00000000ea900000)
  from space 18944K, 45% used [0x00000000ec180000,0x00000000ec9e54a8,0x00000000ed400000)
  to   space 22016K, 0% used [0x00000000ea900000,0x00000000ea900000,0x00000000ebe80000)
 ParOldGen       total 139776K, used 60819K [0x00000000a0000000, 0x00000000a8880000, 0x00000000e0000000)
  object space 139776K, 43% used [0x00000000a0000000,0x00000000a3b64ed8,0x00000000a8880000)
 Metaspace       used 70172K, capacity 72820K, committed 73048K, reserved 1112064K
  class space    used 9125K, capacity 9765K, committed 9856K, reserved 1048576K
}
Event: 123.733 GC heap before
{Heap before GC invocations=26 (full 3):
 PSYoungGen      total 192000K, used 181653K [0x00000000e0000000, 0x00000000ed400000, 0x0000000100000000)
  eden space 173056K, 100% used [0x00000000e0000000,0x00000000ea900000,0x00000000ea900000)
  from space 18944K, 45% used [0x00000000ec180000,0x00000000ec9e54a8,0x00000000ed400000)
  to   space 22016K, 0% used [0x00000000ea900000,0x00000000ea900000,0x00000000ebe80000)
 ParOldGen       total 139776K, used 60819K [0x00000000a0000000, 0x00000000a8880000, 0x00000000e0000000)
  object space 139776K, 43% used [0x00000000a0000000,0x00000000a3b64ed8,0x00000000a8880000)
 Metaspace       used 74128K, capacity 76792K, committed 76888K, reserved 1116160K
  class space    used 9629K, capacity 10281K, committed 10368K, reserved 1048576K
Event: 123.758 GC heap after
Heap after GC invocations=26 (full 3):
 PSYoungGen      total 195072K, used 15935K [0x00000000e0000000, 0x00000000ee400000, 0x0000000100000000)
  eden space 173056K, 0% used [0x00000000e0000000,0x00000000e0000000,0x00000000ea900000)
  from space 22016K, 72% used [0x00000000ea900000,0x00000000eb88fc50,0x00000000ebe80000)
  to   space 23552K, 0% used [0x00000000ecd00000,0x00000000ecd00000,0x00000000ee400000)
 ParOldGen       total 139776K, used 60819K [0x00000000a0000000, 0x00000000a8880000, 0x00000000e0000000)
  object space 139776K, 43% used [0x00000000a0000000,0x00000000a3b64ed8,0x00000000a8880000)
 Metaspace       used 74128K, capacity 76792K, committed 76888K, reserved 1116160K
  class space    used 9629K, capacity 10281K, committed 10368K, reserved 1048576K
}

